[2019-12-14 03:20:39] local.ERROR: Undefined offset: 1 {"exception":"[object] (ErrorException(code: 0): Undefined offset: 1 at C:\\Users\\大輝\\Desktop\\suit_ec\\vendor\\laravel\\framework\\src\\Illuminate\\View\\Compilers\\Concerns\\CompilesLoops.php:95)
[stacktrace]
#0 C:\\Users\\大輝\\Desktop\\suit_ec\\vendor\\laravel\\framework\\src\\Illuminate\\View\\Compilers\\Concerns\\CompilesLoops.php(95): Illuminate\\Foundation\\Bootstrap\\HandleExceptions->handleError(8, 'Undefined offse...', 'C:\\\\Users\\\\\\xE5\\xA4\\xA7\\xE8\\xBC\\x9D...', 95, Array)
#1 C:\\Users\\大輝\\Desktop\\suit_ec\\vendor\\laravel\\framework\\src\\Illuminate\\View\\Compilers\\BladeCompiler.php(363): Illuminate\\View\\Compilers\\BladeCompiler->compileForeach(NULL)
#2 C:\\Users\\大輝\\Desktop\\suit_ec\\vendor\\laravel\\framework\\src\\Illuminate\\View\\Compilers\\BladeCompiler.php(345): Illuminate\\View\\Compilers\\BladeCompiler->compileStatement(Array)
#3 [internal function]: Illuminate\\View\\Compilers\\BladeCompiler->Illuminate\\View\\Compilers\\{closure}(Array)
#4 C:\\Users\\大輝\\Desktop\\suit_ec\\vendor\\laravel\\framework\\src\\Illuminate\\View\\Compilers\\BladeCompiler.php(344): preg_replace_callback('/\\\\B@(@?\\\\w+(?:::...', Object(Closure), '|---LINE:1---|@...')
#5 C:\\Users\\大輝\\Desktop\\suit_ec\\vendor\\laravel\\framework\\src\\Illuminate\\View\\Compilers\\BladeCompiler.php(313): Illuminate\\View\\Compilers\\BladeCompiler->compileStatements('|---LINE:1---|@...')
#6 C:\\Users\\大輝\\Desktop\\suit_ec\\vendor\\laravel\\framework\\src\\Illuminate\\View\\Compilers\\BladeCompiler.php(205): Illuminate\\View\\Compilers\\BladeCompiler->parseToken(Array)
#7 C:\\Users\\大輝\\Desktop\\suit_ec\\vendor\\facade\\ignition\\src\\Views\\Compilers\\BladeSourceMapCompiler.php(45): Illuminate\\View\\Compilers\\BladeCompiler->compileString('|---LINE:1---|@...')
#8 C:\\Users\\大輝\\Desktop\\suit_ec\\vendor\\facade\\ignition\\src\\Views\\Compilers\\BladeSourceMapCompiler.php(11): Facade\\Ignition\\Views\\Compilers\\BladeSourceMapCompiler->compileString('|---LINE:1---|@...')
#9 C:\\Users\\大輝\\Desktop\\suit_ec\\vendor\\facade\\ignition\\src\\Views\\Engines\\CompilerEngine.php(96): Facade\\Ignition\\Views\\Compilers\\BladeSourceMapCompiler->detectLineNumber('C:\\\\Users\\\\\\xE5\\xA4\\xA7\\xE8\\xBC\\x9D...', 44)
#10 C:\\Users\\大輝\\Desktop\\suit_ec\\vendor\\facade\\ignition\\src\\Views\\Engines\\CompilerEngine.php(105): Facade\\Ignition\\Views\\Engines\\CompilerEngine->getBladeLineNumber('C:\\\\Users\\\\\\xE5\\xA4\\xA7\\xE8\\xBC\\x9D...', 44)
#11 [internal function]: Facade\\Ignition\\Views\\Engines\\CompilerEngine->Facade\\Ignition\\Views\\Engines\\{closure}(Array, 21)
#12 C:\\Users\\大輝\\Desktop\\suit_ec\\vendor\\laravel\\framework\\src\\Illuminate\\Support\\Collection.php(638): array_map(Object(Closure), Array, Array)
#13 C:\\Users\\大輝\\Desktop\\suit_ec\\vendor\\facade\\ignition\\src\\Views\\Engines\\CompilerEngine.php(109): Illuminate\\Support\\Collection->map(Object(Closure))
#14 C:\\Users\\大輝\\Desktop\\suit_ec\\vendor\\facade\\ignition\\src\\Views\\Engines\\CompilerEngine.php(78): Facade\\Ignition\\Views\\Engines\\CompilerEngine->modifyViewsInTrace(Object(Facade\\Ignition\\Exceptions\\ViewException))
#15 C:\\Users\\大輝\\Desktop\\suit_ec\\vendor\\laravel\\framework\\src\\Illuminate\\View\\Engines\\PhpEngine.php(45): Facade\\Ignition\\Views\\Engines\\CompilerEngine->handleViewException(Object(ErrorException), 1)
#16 C:\\Users\\大輝\\Desktop\\suit_ec\\vendor\\laravel\\framework\\src\\Illuminate\\View\\Engines\\CompilerEngine.php(59): Illuminate\\View\\Engines\\PhpEngine->evaluatePath('C:\\\\Users\\\\\\xE5\\xA4\\xA7\\xE8\\xBC\\x9D...', Array)
#17 C:\\Users\\大輝\\Desktop\\suit_ec\\vendor\\facade\\ignition\\src\\Views\\Engines\\CompilerEngine.php(36): Illuminate\\View\\Engines\\CompilerEngine->get('C:\\\\Users\\\\\\xE5\\xA4\\xA7\\xE8\\xBC\\x9D...', Array)
#18 C:\\Users\\大輝\\Desktop\\suit_ec\\vendor\\laravel\\framework\\src\\Illuminate\\View\\View.php(143): Facade\\Ignition\\Views\\Engines\\CompilerEngine->get('C:\\\\Users\\\\\\xE5\\xA4\\xA7\\xE8\\xBC\\x9D...', Array)
#19 C:\\Users\\大輝\\Desktop\\suit_ec\\vendor\\laravel\\framework\\src\\Illuminate\\View\\View.php(126): Illuminate\\View\\View->getContents()
#20 C:\\Users\\大輝\\Desktop\\suit_ec\\vendor\\laravel\\framework\\src\\Illuminate\\View\\View.php(91): Illuminate\\View\\View->renderContents()
#21 C:\\Users\\大輝\\Desktop\\suit_ec\\vendor\\laravel\\framework\\src\\Illuminate\\Http\\Response.php(42): Illuminate\\View\\View->render()
#22 C:\\Users\\大輝\\Desktop\\suit_ec\\vendor\\symfony\\http-foundation\\Response.php(202): Illuminate\\Http\\Response->setContent(Object(Illuminate\\View\\View))
#23 C:\\Users\\大輝\\Desktop\\suit_ec\\vendor\\laravel\\framework\\src\\Illuminate\\Routing\\Router.php(748): Symfony\\Component\\HttpFoundation\\Response->__construct(Object(Illuminate\\View\\View))
#24 C:\\Users\\大輝\\Desktop\\suit_ec\\vendor\\laravel\\framework\\src\\Illuminate\\Routing\\Router.php(720): Illuminate\\Routing\\Router::toResponse(Object(Illuminate\\Http\\Request), Object(Illuminate\\View\\View))
#25 C:\\Users\\大輝\\Desktop\\suit_ec\\vendor\\laravel\\framework\\src\\Illuminate\\Routing\\Router.php(680): Illuminate\\Routing\\Router->prepareResponse(Object(Illuminate\\Http\\Request), Object(Illuminate\\View\\View))
#26 C:\\Users\\大輝\\Desktop\\suit_ec\\vendor\\laravel\\framework\\src\\Illuminate\\Pipeline\\Pipeline.php(130): Illuminate\\Routing\\Router->Illuminate\\Routing\\{closure}(Object(Illuminate\\Http\\Request))
#27 C:\\Users\\大輝\\Desktop\\suit_ec\\app\\Http\\Middleware\\RedirectIfAuthenticated.php(24): Illuminate\\Pipeline\\Pipeline->Illuminate\\Pipeline\\{closure}(Object(Illuminate\\Http\\Request))
#28 C:\\Users\\大輝\\Desktop\\suit_ec\\vendor\\laravel\\framework\\src\\Illuminate\\Pipeline\\Pipeline.php(171): App\\Http\\Middleware\\RedirectIfAuthenticated->handle(Object(Illuminate\\Http\\Request), Object(Closure))
#29 C:\\Users\\大輝\\Desktop\\suit_ec\\vendor\\laravel\\framework\\src\\Illuminate\\Routing\\Middleware\\SubstituteBindings.php(41): Illuminate\\Pipeline\\Pipeline->Illuminate\\Pipeline\\{closure}(Object(Illuminate\\Http\\Request))
#30 C:\\Users\\大輝\\Desktop\\suit_ec\\vendor\\laravel\\framework\\src\\Illuminate\\Pipeline\\Pipeline.php(171): Illuminate\\Routing\\Middleware\\SubstituteBindings->handle(Object(Illuminate\\Http\\Request), Object(Closure))
#31 C:\\Users\\大輝\\Desktop\\suit_ec\\vendor\\laravel\\framework\\src\\Illuminate\\Foundation\\Http\\Middleware\\VerifyCsrfToken.php(76): Illuminate\\Pipeline\\Pipeline->Illuminate\\Pipeline\\{closure}(Object(Illuminate\\Http\\Request))
#32 C:\\Users\\大輝\\Desktop\\suit_ec\\vendor\\laravel\\framework\\src\\Illuminate\\Pipeline\\Pipeline.php(171): Illuminate\\Foundation\\Http\\Middleware\\VerifyCsrfToken->handle(Object(Illuminate\\Http\\Request), Object(Closure))
#33 C:\\Users\\大輝\\Desktop\\suit_ec\\vendor\\laravel\\framework\\src\\Illuminate\\View\\Middleware\\ShareErrorsFromSession.php(49): Illuminate\\Pipeline\\Pipeline->Illuminate\\Pipeline\\{closure}(Object(Illuminate\\Http\\Request))
#34 C:\\Users\\大輝\\Desktop\\suit_ec\\vendor\\laravel\\framework\\src\\Illuminate\\Pipeline\\Pipeline.php(171): Illuminate\\View\\Middleware\\ShareErrorsFromSession->handle(Object(Illuminate\\Http\\Request), Object(Closure))
#35 C:\\Users\\大輝\\Desktop\\suit_ec\\vendor\\laravel\\framework\\src\\Illuminate\\Session\\Middleware\\StartSession.php(56): Illuminate\\Pipeline\\Pipeline->Illuminate\\Pipeline\\{closure}(Object(Illuminate\\Http\\Request))
#36 C:\\Users\\大輝\\Desktop\\suit_ec\\vendor\\laravel\\framework\\src\\Illuminate\\Pipeline\\Pipeline.php(171): Illuminate\\Session\\Middleware\\StartSession->handle(Object(Illuminate\\Http\\Request), Object(Closure))
#37 C:\\Users\\大輝\\Desktop\\suit_ec\\vendor\\laravel\\framework\\src\\Illuminate\\Cookie\\Middleware\\AddQueuedCookiesToResponse.php(37): Illuminate\\Pipeline\\Pipeline->Illuminate\\Pipeline\\{closure}(Object(Illuminate\\Http\\Request))
#38 C:\\Users\\大輝\\Desktop\\suit_ec\\vendor\\laravel\\framework\\src\\Illuminate\\Pipeline\\Pipeline.php(171): Illuminate\\Cookie\\Middleware\\AddQueuedCookiesToResponse->handle(Object(Illuminate\\Http\\Request), Object(Closure))
#39 C:\\Users\\大輝\\Desktop\\suit_ec\\vendor\\laravel\\framework\\src\\Illuminate\\Cookie\\Middleware\\EncryptCookies.php(66): Illuminate\\Pipeline\\Pipeline->Illuminate\\Pipeline\\{closure}(Object(Illuminate\\Http\\Request))
#40 C:\\Users\\大輝\\Desktop\\suit_ec\\vendor\\laravel\\framework\\src\\Illuminate\\Pipeline\\Pipeline.php(171): Illuminate\\Cookie\\Middleware\\EncryptCookies->handle(Object(Illuminate\\Http\\Request), Object(Closure))
#41 C:\\Users\\大輝\\Desktop\\suit_ec\\vendor\\laravel\\framework\\src\\Illuminate\\Pipeline\\Pipeline.php(105): Illuminate\\Pipeline\\Pipeline->Illuminate\\Pipeline\\{closure}(Object(Illuminate\\Http\\Request))
#42 C:\\Users\\大輝\\Desktop\\suit_ec\\vendor\\laravel\\framework\\src\\Illuminate\\Routing\\Router.php(682): Illuminate\\Pipeline\\Pipeline->then(Object(Closure))
#43 C:\\Users\\大輝\\Desktop\\suit_ec\\vendor\\laravel\\framework\\src\\Illuminate\\Routing\\Router.php(657): Illuminate\\Routing\\Router->runRouteWithinStack(Object(Illuminate\\Routing\\Route), Object(Illuminate\\Http\\Request))
#44 C:\\Users\\大輝\\Desktop\\suit_ec\\vendor\\laravel\\framework\\src\\Illuminate\\Routing\\Router.php(623): Illuminate\\Routing\\Router->runRoute(Object(Illuminate\\Http\\Request), Object(Illuminate\\Routing\\Route))
#45 C:\\Users\\大輝\\Desktop\\suit_ec\\vendor\\laravel\\framework\\src\\Illuminate\\Routing\\Router.php(612): Illuminate\\Routing\\Router->dispatchToRoute(Object(Illuminate\\Http\\Request))
#46 C:\\Users\\大輝\\Desktop\\suit_ec\\vendor\\laravel\\framework\\src\\Illuminate\\Foundation\\Http\\Kernel.php(176): Illuminate\\Routing\\Router->dispatch(Object(Illuminate\\Http\\Request))
#47 C:\\Users\\大輝\\Desktop\\suit_ec\\vendor\\laravel\\framework\\src\\Illuminate\\Pipeline\\Pipeline.php(130): Illuminate\\Foundation\\Http\\Kernel->Illuminate\\Foundation\\Http\\{closure}(Object(Illuminate\\Http\\Request))
#48 C:\\Users\\大輝\\Desktop\\suit_ec\\vendor\\laravel\\framework\\src\\Illuminate\\Foundation\\Http\\Middleware\\TransformsRequest.php(21): Illuminate\\Pipeline\\Pipeline->Illuminate\\Pipeline\\{closure}(Object(Illuminate\\Http\\Request))
#49 C:\\Users\\大輝\\Desktop\\suit_ec\\vendor\\laravel\\framework\\src\\Illuminate\\Pipeline\\Pipeline.php(171): Illuminate\\Foundation\\Http\\Middleware\\TransformsRequest->handle(Object(Illuminate\\Http\\Request), Object(Closure))
#50 C:\\Users\\大輝\\Desktop\\suit_ec\\vendor\\laravel\\framework\\src\\Illuminate\\Foundation\\Http\\Middleware\\TransformsRequest.php(21): Illuminate\\Pipeline\\Pipeline->Illuminate\\Pipeline\\{closure}(Object(Illuminate\\Http\\Request))
#51 C:\\Users\\大輝\\Desktop\\suit_ec\\vendor\\laravel\\framework\\src\\Illuminate\\Pipeline\\Pipeline.php(171): Illuminate\\Foundation\\Http\\Middleware\\TransformsRequest->handle(Object(Illuminate\\Http\\Request), Object(Closure))
#52 C:\\Users\\大輝\\Desktop\\suit_ec\\vendor\\laravel\\framework\\src\\Illuminate\\Foundation\\Http\\Middleware\\ValidatePostSize.php(27): Illuminate\\Pipeline\\Pipeline->Illuminate\\Pipeline\\{closure}(Object(Illuminate\\Http\\Request))
#53 C:\\Users\\大輝\\Desktop\\suit_ec\\vendor\\laravel\\framework\\src\\Illuminate\\Pipeline\\Pipeline.php(171): Illuminate\\Foundation\\Http\\Middleware\\ValidatePostSize->handle(Object(Illuminate\\Http\\Request), Object(Closure))
#54 C:\\Users\\大輝\\Desktop\\suit_ec\\vendor\\laravel\\framework\\src\\Illuminate\\Foundation\\Http\\Middleware\\CheckForMaintenanceMode.php(62): Illuminate\\Pipeline\\Pipeline->Illuminate\\Pipeline\\{closure}(Object(Illuminate\\Http\\Request))
#55 C:\\Users\\大輝\\Desktop\\suit_ec\\vendor\\laravel\\framework\\src\\Illuminate\\Pipeline\\Pipeline.php(171): Illuminate\\Foundation\\Http\\Middleware\\CheckForMaintenanceMode->handle(Object(Illuminate\\Http\\Request), Object(Closure))
#56 C:\\Users\\大輝\\Desktop\\suit_ec\\vendor\\fideloper\\proxy\\src\\TrustProxies.php(57): Illuminate\\Pipeline\\Pipeline->Illuminate\\Pipeline\\{closure}(Object(Illuminate\\Http\\Request))
#57 C:\\Users\\大輝\\Desktop\\suit_ec\\vendor\\laravel\\framework\\src\\Illuminate\\Pipeline\\Pipeline.php(171): Fideloper\\Proxy\\TrustProxies->handle(Object(Illuminate\\Http\\Request), Object(Closure))
#58 C:\\Users\\大輝\\Desktop\\suit_ec\\vendor\\laravel\\framework\\src\\Illuminate\\Pipeline\\Pipeline.php(105): Illuminate\\Pipeline\\Pipeline->Illuminate\\Pipeline\\{closure}(Object(Illuminate\\Http\\Request))
#59 C:\\Users\\大輝\\Desktop\\suit_ec\\vendor\\laravel\\framework\\src\\Illuminate\\Foundation\\Http\\Kernel.php(151): Illuminate\\Pipeline\\Pipeline->then(Object(Closure))
#60 C:\\Users\\大輝\\Desktop\\suit_ec\\vendor\\laravel\\framework\\src\\Illuminate\\Foundation\\Http\\Kernel.php(116): Illuminate\\Foundation\\Http\\Kernel->sendRequestThroughRouter(Object(Illuminate\\Http\\Request))
#61 C:\\Users\\大輝\\Desktop\\suit_ec\\public\\index.php(55): Illuminate\\Foundation\\Http\\Kernel->handle(Object(Illuminate\\Http\\Request))
#62 C:\\Users\\大輝\\Desktop\\suit_ec\\server.php(21): require_once('C:\\\\Users\\\\\\xE5\\xA4\\xA7\\xE8\\xBC\\x9D...')
#63 {main}
"} 
